<?xml version="1.0" encoding="UTF-8"?>
<testng-results ignored="0" total="1" passed="1" failed="0" skipped="0">
  <reporter-output>
  </reporter-output>
  <suite started-at="2021-01-29T18:53:45 BRT" name="Default suite" finished-at="2021-01-29T18:53:52 BRT" duration-ms="7012">
    <groups>
    </groups>
    <test started-at="2021-01-29T18:53:45 BRT" name="Default test" finished-at="2021-01-29T18:53:52 BRT" duration-ms="7012">
      <class name="automacao.web.Curso">
        <test-method is-config="true" signature="inicializa()[pri:0, instance:automacao.web.Curso@6a6afff2]" started-at="2021-01-29T18:53:45 BRT" name="inicializa" finished-at="2021-01-29T18:53:47 BRT" duration-ms="2591" status="PASS">
          <reporter-output>
          </reporter-output>
        </test-method> <!-- inicializa -->
        <test-method signature="preencheCadastro()[pri:0, instance:automacao.web.Curso@6a6afff2]" started-at="2021-01-29T18:53:47 BRT" name="preencheCadastro" finished-at="2021-01-29T18:53:52 BRT" duration-ms="4391" status="PASS">
          <reporter-output>
          </reporter-output>
        </test-method> <!-- preencheCadastro -->
      </class> <!-- automacao.web.Curso -->
    </test> <!-- Default test -->
  </suite> <!-- Default suite -->
</testng-results>
